This file contains any messages produced by compilers while
running configure, to aid debugging if configure makes a mistake.

It was created by tokyocabinet configure 1.4.48, which was
generated by GNU Autoconf 2.68.  Invocation command line was

  $ ./configure 

## --------- ##
## Platform. ##
## --------- ##

hostname = MacBook-Pro.local
uname -m = x86_64
uname -r = 16.5.0
uname -s = Darwin
uname -v = Darwin Kernel Version 16.5.0: Fri Mar  3 16:52:33 PST 2017; root:xnu-3789.51.2~3/RELEASE_X86_64

/usr/bin/uname -p = i386
/bin/uname -X     = unknown

/bin/arch              = unknown
/usr/bin/arch -k       = unknown
/usr/convex/getsysinfo = unknown
/usr/bin/hostinfo      = Mach kernel version:
	 Darwin Kernel Version 16.5.0: Fri Mar  3 16:52:33 PST 2017; root:xnu-3789.51.2~3/RELEASE_X86_64
Kernel configured for up to 8 processors.
4 processors are physically available.
8 processors are logically available.
Processor type: x86_64h (Intel x86-64h Haswell)
Processors active: 0 1 2 3 4 5 6 7
Primary memory available: 16.00 gigabytes
Default processor set: 440 tasks, 2526 threads, 8 processors
Load average: 1.76, Mach factor: 6.22
/bin/machine           = unknown
/usr/bin/oslevel       = unknown
/bin/universe          = unknown

PATH: /Users/louzhenlin/dev/app/lua-5.2.3/bin
PATH: /Users/louzhenlin/dev/downloads/apache-maven-3.2.3/bin
PATH: /Users/louzhenlin/dev/app/ctags-5.8/bin
PATH: /usr/bin
PATH: /bin
PATH: /usr/sbin
PATH: /sbin
PATH: /usr/local/bin
PATH: /Users/louzhenlin/dev/workspace/go/bin
PATH: /usr/local/go/bin
PATH: /Users/louzhenlin/dev/server/nsq-0.2.31.darwin-amd64.go1.3.1/bin
PATH: /Users/louzhenlin/dev/app/node-v0.10.32-darwin-x64/bin
PATH: /Users/louzhenlin/dev/server/redis-2.8.17/bin
PATH: /Users/louzhenlin/dev/server/zookeeper-3.4.6/bin
PATH: /Users/louzhenlin/dev/tools/btrace/bin
PATH: /Users/louzhenlin/dev/app/apache-cassandra-2.1.5/bin
PATH: /Users/louzhenlin/dev/app/apache-cassandra-2.1.5-bin.tar.gz/bin
PATH: /Users/louzhenlin/dev/app/apache-storm-0.9.2-incubating/bin
PATH: /Users/louzhenlin/dev/app/boost_1_57_0/bin
PATH: /Users/louzhenlin/dev/app/collectd-5.5.0/bin
PATH: /Users/louzhenlin/dev/app/confluence/bin
PATH: /Users/louzhenlin/dev/app/ctags-5.8/bin
PATH: /Users/louzhenlin/dev/app/flatbuffers/bin
PATH: /Users/louzhenlin/dev/app/gtest-1.7.0/bin
PATH: /Users/louzhenlin/dev/app/libtorrent-rasterbar-1.0.2/bin
PATH: /Users/louzhenlin/dev/app/lua-5.2.3/bin
PATH: /Users/louzhenlin/dev/app/mongo-c-driver/bin
PATH: /Users/louzhenlin/dev/app/msgpack_c/bin
PATH: /Users/louzhenlin/dev/app/myapp/bin
PATH: /Users/louzhenlin/dev/app/nanomsg-0.4-beta/bin
PATH: /Users/louzhenlin/dev/app/node-v0.10.32-darwin-x64/bin
PATH: /Users/louzhenlin/dev/app/opencv/bin
PATH: /Users/louzhenlin/dev/app/pcp/bin
PATH: /Users/louzhenlin/dev/app/protobufs/bin
PATH: /Users/louzhenlin/dev/app/rever_site/bin
PATH: /Users/louzhenlin/dev/app/tokyocabinet-1.4.48/bin


## ----------- ##
## Core tests. ##
## ----------- ##

configure:2385: checking for gcc
configure:2401: found /usr/bin/gcc
configure:2412: result: gcc
configure:2641: checking for C compiler version
configure:2650: gcc --version >&5
Apple LLVM version 8.1.0 (clang-802.0.42)
Target: x86_64-apple-darwin16.5.0
Thread model: posix
InstalledDir: /Applications/Xcode.app/Contents/Developer/Toolchains/XcodeDefault.xctoolchain/usr/bin
Configured with: --prefix=/Applications/Xcode.app/Contents/Developer/usr --with-gxx-include-dir=/Applications/Xcode.app/Contents/Developer/Platforms/MacOSX.platform/Developer/SDKs/MacOSX10.12.sdk/usr/include/c++/4.2.1
configure:2661: $? = 0
configure:2650: gcc -v >&5
Configured with: --prefix=/Applications/Xcode.app/Contents/Developer/usr --with-gxx-include-dir=/Applications/Xcode.app/Contents/Developer/Platforms/MacOSX.platform/Developer/SDKs/MacOSX10.12.sdk/usr/include/c++/4.2.1
Apple LLVM version 8.1.0 (clang-802.0.42)
Target: x86_64-apple-darwin16.5.0
Thread model: posix
InstalledDir: /Applications/Xcode.app/Contents/Developer/Toolchains/XcodeDefault.xctoolchain/usr/bin
configure:2661: $? = 0
configure:2650: gcc -V >&5
clang: error: argument to '-V' is missing (expected 1 value)
clang: error: no input files
configure:2661: $? = 1
configure:2650: gcc -qversion >&5
clang: error: unknown argument: '-qversion'
clang: error: no input files
configure:2661: $? = 1
configure:2681: checking whether the C compiler works
configure:2703: gcc    conftest.c  >&5
ld: warning: directory not found for option '-L/Users/louzhenlin/lib'
configure:2707: $? = 0
configure:2755: result: yes
configure:2758: checking for C compiler default output file name
configure:2760: result: a.out
configure:2766: checking for suffix of executables
configure:2773: gcc -o conftest    conftest.c  >&5
ld: warning: directory not found for option '-L/Users/louzhenlin/lib'
configure:2777: $? = 0
configure:2799: result: 
configure:2821: checking whether we are cross compiling
configure:2829: gcc -o conftest    conftest.c  >&5
ld: warning: directory not found for option '-L/Users/louzhenlin/lib'
configure:2833: $? = 0
configure:2840: ./conftest
configure:2844: $? = 0
configure:2859: result: no
configure:2864: checking for suffix of object files
configure:2886: gcc -c   conftest.c >&5
configure:2890: $? = 0
configure:2911: result: o
configure:2915: checking whether we are using the GNU C compiler
configure:2934: gcc -c   conftest.c >&5
configure:2934: $? = 0
configure:2943: result: yes
configure:2952: checking whether gcc accepts -g
configure:2972: gcc -c -g  conftest.c >&5
configure:2972: $? = 0
configure:3013: result: yes
configure:3030: checking for gcc option to accept ISO C89
configure:3094: gcc  -c -g -O2  conftest.c >&5
configure:3094: $? = 0
configure:3107: result: none needed
configure:3146: checking how to run the C preprocessor
configure:3177: gcc -E  conftest.c
configure:3177: $? = 0
configure:3191: gcc -E  conftest.c
conftest.c:9:10: fatal error: 'ac_nonexistent.h' file not found
#include <ac_nonexistent.h>
         ^
1 error generated.
configure:3191: $? = 1
configure: failed program was:
| /* confdefs.h */
| #define PACKAGE_NAME "tokyocabinet"
| #define PACKAGE_TARNAME "tokyocabinet"
| #define PACKAGE_VERSION "1.4.48"
| #define PACKAGE_STRING "tokyocabinet 1.4.48"
| #define PACKAGE_BUGREPORT ""
| #define PACKAGE_URL ""
| /* end confdefs.h.  */
| #include <ac_nonexistent.h>
configure:3216: result: gcc -E
configure:3236: gcc -E  conftest.c
configure:3236: $? = 0
configure:3250: gcc -E  conftest.c
conftest.c:9:10: fatal error: 'ac_nonexistent.h' file not found
#include <ac_nonexistent.h>
         ^
1 error generated.
configure:3250: $? = 1
configure: failed program was:
| /* confdefs.h */
| #define PACKAGE_NAME "tokyocabinet"
| #define PACKAGE_TARNAME "tokyocabinet"
| #define PACKAGE_VERSION "1.4.48"
| #define PACKAGE_STRING "tokyocabinet 1.4.48"
| #define PACKAGE_BUGREPORT ""
| #define PACKAGE_URL ""
| /* end confdefs.h.  */
| #include <ac_nonexistent.h>
configure:3279: checking for grep that handles long lines and -e
configure:3337: result: /usr/bin/grep
configure:3342: checking for egrep
configure:3404: result: /usr/bin/grep -E
configure:3409: checking for ANSI C header files
configure:3429: gcc -c -g -O2  conftest.c >&5
configure:3429: $? = 0
configure:3502: gcc -o conftest -g -O2   conftest.c  >&5
ld: warning: directory not found for option '-L/Users/louzhenlin/lib'
configure:3502: $? = 0
configure:3502: ./conftest
configure:3502: $? = 0
configure:3513: result: yes
configure:3526: checking for sys/types.h
configure:3526: gcc -c -g -O2  conftest.c >&5
configure:3526: $? = 0
configure:3526: result: yes
configure:3526: checking for sys/stat.h
configure:3526: gcc -c -g -O2  conftest.c >&5
configure:3526: $? = 0
configure:3526: result: yes
configure:3526: checking for stdlib.h
configure:3526: gcc -c -g -O2  conftest.c >&5
configure:3526: $? = 0
configure:3526: result: yes
configure:3526: checking for string.h
configure:3526: gcc -c -g -O2  conftest.c >&5
configure:3526: $? = 0
configure:3526: result: yes
configure:3526: checking for memory.h
configure:3526: gcc -c -g -O2  conftest.c >&5
configure:3526: $? = 0
configure:3526: result: yes
configure:3526: checking for strings.h
configure:3526: gcc -c -g -O2  conftest.c >&5
configure:3526: $? = 0
configure:3526: result: yes
configure:3526: checking for inttypes.h
configure:3526: gcc -c -g -O2  conftest.c >&5
configure:3526: $? = 0
configure:3526: result: yes
configure:3526: checking for stdint.h
configure:3526: gcc -c -g -O2  conftest.c >&5
configure:3526: $? = 0
configure:3526: result: yes
configure:3526: checking for unistd.h
configure:3526: gcc -c -g -O2  conftest.c >&5
configure:3526: $? = 0
configure:3526: result: yes
configure:3538: checking whether byte ordering is bigendian
configure:3553: gcc -c -g -O2  conftest.c >&5
configure:3553: $? = 0
configure:3598: gcc -c -g -O2  conftest.c >&5
configure:3598: $? = 0
configure:3616: gcc -c -g -O2  conftest.c >&5
conftest.c:26:4: error: use of undeclared identifier 'not'
                 not big endian
                 ^
1 error generated.
configure:3616: $? = 1
configure: failed program was:
| /* confdefs.h */
| #define PACKAGE_NAME "tokyocabinet"
| #define PACKAGE_TARNAME "tokyocabinet"
| #define PACKAGE_VERSION "1.4.48"
| #define PACKAGE_STRING "tokyocabinet 1.4.48"
| #define PACKAGE_BUGREPORT ""
| #define PACKAGE_URL ""
| #define STDC_HEADERS 1
| #define HAVE_SYS_TYPES_H 1
| #define HAVE_SYS_STAT_H 1
| #define HAVE_STDLIB_H 1
| #define HAVE_STRING_H 1
| #define HAVE_MEMORY_H 1
| #define HAVE_STRINGS_H 1
| #define HAVE_INTTYPES_H 1
| #define HAVE_STDINT_H 1
| #define HAVE_UNISTD_H 1
| /* end confdefs.h.  */
| #include <sys/types.h>
| 		#include <sys/param.h>
| 
| int
| main ()
| {
| #if BYTE_ORDER != BIG_ENDIAN
| 		 not big endian
| 		#endif
| 
|   ;
|   return 0;
| }
configure:3744: result: no
configure:3763: checking for main in -lc
configure:3782: gcc -o conftest -g -O2   conftest.c -lc   >&5
ld: warning: directory not found for option '-L/Users/louzhenlin/lib'
configure:3782: $? = 0
configure:3791: result: yes
configure:3802: checking for main in -lm
configure:3821: gcc -o conftest -g -O2   conftest.c -lm  -lc  >&5
ld: warning: directory not found for option '-L/Users/louzhenlin/lib'
configure:3821: $? = 0
configure:3830: result: yes
configure:3843: checking for main in -lpthread
configure:3862: gcc -o conftest -g -O2   conftest.c -lpthread  -lm -lc  >&5
ld: warning: directory not found for option '-L/Users/louzhenlin/lib'
configure:3862: $? = 0
configure:3871: result: yes
configure:3882: checking for main in -lrt
configure:3901: gcc -o conftest -g -O2   conftest.c -lrt  -lpthread -lm -lc  >&5
ld: warning: directory not found for option '-L/Users/louzhenlin/lib'
ld: library not found for -lrt
clang: error: linker command failed with exit code 1 (use -v to see invocation)
configure:3901: $? = 1
configure: failed program was:
| /* confdefs.h */
| #define PACKAGE_NAME "tokyocabinet"
| #define PACKAGE_TARNAME "tokyocabinet"
| #define PACKAGE_VERSION "1.4.48"
| #define PACKAGE_STRING "tokyocabinet 1.4.48"
| #define PACKAGE_BUGREPORT ""
| #define PACKAGE_URL ""
| #define STDC_HEADERS 1
| #define HAVE_SYS_TYPES_H 1
| #define HAVE_SYS_STAT_H 1
| #define HAVE_STDLIB_H 1
| #define HAVE_STRING_H 1
| #define HAVE_MEMORY_H 1
| #define HAVE_STRINGS_H 1
| #define HAVE_INTTYPES_H 1
| #define HAVE_STDINT_H 1
| #define HAVE_UNISTD_H 1
| #define HAVE_LIBC 1
| #define HAVE_LIBM 1
| #define HAVE_LIBPTHREAD 1
| /* end confdefs.h.  */
| 
| 
| int
| main ()
| {
| return main ();
|   ;
|   return 0;
| }
configure:3910: result: no
configure:3924: checking for main in -lz
configure:3943: gcc -o conftest -g -O2   conftest.c -lz  -lpthread -lm -lc  >&5
ld: warning: directory not found for option '-L/Users/louzhenlin/lib'
configure:3943: $? = 0
configure:3952: result: yes
configure:3966: checking for main in -lbz2
configure:3985: gcc -o conftest -g -O2   conftest.c -lbz2  -lz -lpthread -lm -lc  >&5
ld: warning: directory not found for option '-L/Users/louzhenlin/lib'
configure:3985: $? = 0
configure:3994: result: yes
configure:4090: checking for main in -ltokyocabinet
configure:4109: gcc -o conftest -g -O2   conftest.c -ltokyocabinet  -lbz2 -lz -lpthread -lm -lc  >&5
ld: warning: directory not found for option '-L/Users/louzhenlin/lib'
configure:4109: $? = 0
configure:4118: result: yes
configure:4121: WARNING: old version of Tokyo Cabinet was detected
configure:4127: checking for stdlib.h
configure:4127: result: yes
configure:4135: checking for stdint.h
configure:4135: result: yes
configure:4143: checking for unistd.h
configure:4143: result: yes
configure:4151: checking dirent.h usability
configure:4151: gcc -c -g -O2  conftest.c >&5
configure:4151: $? = 0
configure:4151: result: yes
configure:4151: checking dirent.h presence
configure:4151: gcc -E  conftest.c
configure:4151: $? = 0
configure:4151: result: yes
configure:4151: checking for dirent.h
configure:4151: result: yes
configure:4159: checking regex.h usability
configure:4159: gcc -c -g -O2  conftest.c >&5
configure:4159: $? = 0
configure:4159: result: yes
configure:4159: checking regex.h presence
configure:4159: gcc -E  conftest.c
configure:4159: $? = 0
configure:4159: result: yes
configure:4159: checking for regex.h
configure:4159: result: yes
configure:4167: checking glob.h usability
configure:4167: gcc -c -g -O2  conftest.c >&5
configure:4167: $? = 0
configure:4167: result: yes
configure:4167: checking glob.h presence
configure:4167: gcc -E  conftest.c
configure:4167: $? = 0
configure:4167: result: yes
configure:4167: checking for glob.h
configure:4167: result: yes
configure:4177: checking pthread.h usability
configure:4177: gcc -c -g -O2  conftest.c >&5
configure:4177: $? = 0
configure:4177: result: yes
configure:4177: checking pthread.h presence
configure:4177: gcc -E  conftest.c
configure:4177: $? = 0
configure:4177: result: yes
configure:4177: checking for pthread.h
configure:4177: result: yes
configure:4188: checking zlib.h usability
configure:4188: gcc -c -g -O2  conftest.c >&5
configure:4188: $? = 0
configure:4188: result: yes
configure:4188: checking zlib.h presence
configure:4188: gcc -E  conftest.c
configure:4188: $? = 0
configure:4188: result: yes
configure:4188: checking for zlib.h
configure:4188: result: yes
configure:4199: checking bzlib.h usability
configure:4199: gcc -c -g -O2  conftest.c >&5
configure:4199: $? = 0
configure:4199: result: yes
configure:4199: checking bzlib.h presence
configure:4199: gcc -E  conftest.c
configure:4199: $? = 0
configure:4199: result: yes
configure:4199: checking for bzlib.h
configure:4199: result: yes
configure:4428: creating ./config.status

## ---------------------- ##
## Running config.status. ##
## ---------------------- ##

This file was extended by tokyocabinet config.status 1.4.48, which was
generated by GNU Autoconf 2.68.  Invocation command line was

  CONFIG_FILES    = 
  CONFIG_HEADERS  = 
  CONFIG_LINKS    = 
  CONFIG_COMMANDS = 
  $ ./config.status 

on MacBook-Pro.local

config.status:758: creating Makefile
config.status:758: creating tokyocabinet.pc

## ---------------- ##
## Cache variables. ##
## ---------------- ##

ac_cv_c_bigendian=no
ac_cv_c_compiler_gnu=yes
ac_cv_env_CC_set=
ac_cv_env_CC_value=
ac_cv_env_CFLAGS_set=
ac_cv_env_CFLAGS_value=
ac_cv_env_CPPFLAGS_set=
ac_cv_env_CPPFLAGS_value=
ac_cv_env_CPP_set=
ac_cv_env_CPP_value=
ac_cv_env_LDFLAGS_set=
ac_cv_env_LDFLAGS_value=
ac_cv_env_LIBS_set=
ac_cv_env_LIBS_value=
ac_cv_env_build_alias_set=
ac_cv_env_build_alias_value=
ac_cv_env_host_alias_set=
ac_cv_env_host_alias_value=
ac_cv_env_target_alias_set=
ac_cv_env_target_alias_value=
ac_cv_header_bzlib_h=yes
ac_cv_header_dirent_h=yes
ac_cv_header_glob_h=yes
ac_cv_header_inttypes_h=yes
ac_cv_header_memory_h=yes
ac_cv_header_pthread_h=yes
ac_cv_header_regex_h=yes
ac_cv_header_stdc=yes
ac_cv_header_stdint_h=yes
ac_cv_header_stdlib_h=yes
ac_cv_header_string_h=yes
ac_cv_header_strings_h=yes
ac_cv_header_sys_stat_h=yes
ac_cv_header_sys_types_h=yes
ac_cv_header_unistd_h=yes
ac_cv_header_zlib_h=yes
ac_cv_lib_bz2_main=yes
ac_cv_lib_c_main=yes
ac_cv_lib_m_main=yes
ac_cv_lib_pthread_main=yes
ac_cv_lib_rt_main=no
ac_cv_lib_tokyocabinet_main=yes
ac_cv_lib_z_main=yes
ac_cv_objext=o
ac_cv_path_EGREP='/usr/bin/grep -E'
ac_cv_path_GREP=/usr/bin/grep
ac_cv_prog_CPP='gcc -E'
ac_cv_prog_ac_ct_CC=gcc
ac_cv_prog_cc_c89=
ac_cv_prog_cc_g=yes

## ----------------- ##
## Output variables. ##
## ----------------- ##

CC='gcc'
CFLAGS='-g -O2'
CPP='gcc -E'
CPPFLAGS=''
DEFS='-DPACKAGE_NAME=\"tokyocabinet\" -DPACKAGE_TARNAME=\"tokyocabinet\" -DPACKAGE_VERSION=\"1.4.48\" -DPACKAGE_STRING=\"tokyocabinet\ 1.4.48\" -DPACKAGE_BUGREPORT=\"\" -DPACKAGE_URL=\"\" -DSTDC_HEADERS=1 -DHAVE_SYS_TYPES_H=1 -DHAVE_SYS_STAT_H=1 -DHAVE_STDLIB_H=1 -DHAVE_STRING_H=1 -DHAVE_MEMORY_H=1 -DHAVE_STRINGS_H=1 -DHAVE_INTTYPES_H=1 -DHAVE_STDINT_H=1 -DHAVE_UNISTD_H=1 -DHAVE_LIBC=1 -DHAVE_LIBM=1 -DHAVE_LIBPTHREAD=1 -DHAVE_LIBZ=1 -DHAVE_LIBBZ2=1'
ECHO_C='\c'
ECHO_N=''
ECHO_T=''
EGREP='/usr/bin/grep -E'
EXEEXT=''
GREP='/usr/bin/grep'
LDFLAGS=''
LIBOBJS=''
LIBS='-lbz2 -lz -lpthread -lm -lc '
LTLIBOBJS=''
MYCFLAGS='-g -O2 -std=c99 -Wall -fPIC -fsigned-char -O2'
MYCGIFILES='tcawmgr.cgi'
MYCMDLDFLAGS=''
MYCOMMANDFILES='tcutest tcumttest tcucodec tchtest tchmttest tchmgr tcbtest tcbmttest tcbmgr tcftest tcfmttest tcfmgr tcttest tctmttest tctmgr tcatest tcamttest tcamgr'
MYCPPFLAGS='-I. -I$(INCLUDEDIR) -I/Users/louzhenlin/include -I/usr/local/include -DNDEBUG -D_GNU_SOURCE=1 -D_REENTRANT -D__EXTENSIONS__'
MYDOCUMENTFILES='COPYING ChangeLog doc tokyocabinet.idl'
MYFORMATVER='1.0'
MYHEADERFILES='tcutil.h tchdb.h tcbdb.h tcfdb.h tctdb.h tcadb.h'
MYLDFLAGS='-L. -L$(LIBDIR) -L/Users/louzhenlin/lib -L/usr/local/lib'
MYLDLIBPATHENV='DYLD_LIBRARY_PATH'
MYLIBOBJFILES='tcutil.o tchdb.o tcbdb.o tcfdb.o tctdb.o tcadb.o myconf.o md5.o'
MYLIBRARYFILES='libtokyocabinet.a libtokyocabinet.9.11.0.dylib libtokyocabinet.9.dylib libtokyocabinet.dylib'
MYLIBREV='11'
MYLIBVER='9'
MYMAN1FILES='tcutest.1 tcumttest.1 tcucodec.1 tchtest.1 tchmttest.1 tchmgr.1 tcbtest.1 tcbmttest.1 tcbmgr.1 tcftest.1 tcfmttest.1 tcfmgr.1 tcttest.1 tctmttest.1 tctmgr.1 tcatest.1 tcamttest.1 tcamgr.1'
MYMAN3FILES='tokyocabinet.3 tcutil.3 tcxstr.3 tclist.3 tcmap.3 tctree.3 tcmdb.3 tcmpool.3 tchdb.3 tcbdb.3 tcfdb.3 tctdb.3 tcadb.3'
MYPCFILES='tokyocabinet.pc'
MYPOSTCMD='true'
MYRUNPATH='$(LIBDIR)'
OBJEXT='o'
PACKAGE_BUGREPORT=''
PACKAGE_NAME='tokyocabinet'
PACKAGE_STRING='tokyocabinet 1.4.48'
PACKAGE_TARNAME='tokyocabinet'
PACKAGE_URL=''
PACKAGE_VERSION='1.4.48'
PATH_SEPARATOR=':'
SHELL='/bin/sh'
ac_ct_CC='gcc'
bindir='${exec_prefix}/bin'
build_alias=''
datadir='${datarootdir}'
datarootdir='${prefix}/share'
docdir='${datarootdir}/doc/${PACKAGE_TARNAME}'
dvidir='${docdir}'
exec_prefix='${prefix}'
host_alias=''
htmldir='${docdir}'
includedir='${prefix}/include'
infodir='${datarootdir}/info'
libdir='${exec_prefix}/lib'
libexecdir='${exec_prefix}/libexec'
localedir='${datarootdir}/locale'
localstatedir='${prefix}/var'
mandir='${datarootdir}/man'
oldincludedir='/usr/include'
pdfdir='${docdir}'
prefix='/usr/local'
program_transform_name='s,x,x,'
psdir='${docdir}'
sbindir='${exec_prefix}/sbin'
sharedstatedir='${prefix}/com'
sysconfdir='${prefix}/etc'
target_alias=''

## ----------- ##
## confdefs.h. ##
## ----------- ##

/* confdefs.h */
#define PACKAGE_NAME "tokyocabinet"
#define PACKAGE_TARNAME "tokyocabinet"
#define PACKAGE_VERSION "1.4.48"
#define PACKAGE_STRING "tokyocabinet 1.4.48"
#define PACKAGE_BUGREPORT ""
#define PACKAGE_URL ""
#define STDC_HEADERS 1
#define HAVE_SYS_TYPES_H 1
#define HAVE_SYS_STAT_H 1
#define HAVE_STDLIB_H 1
#define HAVE_STRING_H 1
#define HAVE_MEMORY_H 1
#define HAVE_STRINGS_H 1
#define HAVE_INTTYPES_H 1
#define HAVE_STDINT_H 1
#define HAVE_UNISTD_H 1
#define HAVE_LIBC 1
#define HAVE_LIBM 1
#define HAVE_LIBPTHREAD 1
#define HAVE_LIBZ 1
#define HAVE_LIBBZ2 1

configure: exit 0
